<?xml version="1.0" encoding="UTF-8"?>
<testng-results ignored="0" total="1" passed="1" failed="0" skipped="0">
  <reporter-output>
  </reporter-output>
  <suite started-at="2025-11-05T22:02:01 IST" name="Default suite" finished-at="2025-11-05T22:02:08 IST" duration-ms="6289">
    <groups>
    </groups>
    <test started-at="2025-11-05T22:02:01 IST" name="Default test" finished-at="2025-11-05T22:02:08 IST" duration-ms="6289">
      <class name="testScript.LoginTest">
        <test-method is-config="true" signature="initializeBrowser()[pri:0, instance:testScript.LoginTest@459e9125]" started-at="2025-11-05T22:02:01 IST" name="initializeBrowser" finished-at="2025-11-05T22:02:06 IST" duration-ms="4414" status="PASS">
          <reporter-output>
          </reporter-output>
        </test-method> <!-- initializeBrowser -->
        <test-method signature="verifyUserLoginWithInvalidCredentials()[pri:0, instance:testScript.LoginTest@459e9125]" started-at="2025-11-05T22:02:06 IST" name="verifyUserLoginWithInvalidCredentials" finished-at="2025-11-05T22:02:08 IST" duration-ms="1838" status="PASS">
          <reporter-output>
          </reporter-output>
        </test-method> <!-- verifyUserLoginWithInvalidCredentials -->
        <test-method is-config="true" signature="driverCloseAndQuit()[pri:0, instance:testScript.LoginTest@459e9125]" started-at="2025-11-05T22:02:08 IST" name="driverCloseAndQuit" finished-at="2025-11-05T22:02:08 IST" duration-ms="1" status="PASS">
          <reporter-output>
          </reporter-output>
        </test-method> <!-- driverCloseAndQuit -->
      </class> <!-- testScript.LoginTest -->
    </test> <!-- Default test -->
  </suite> <!-- Default suite -->
</testng-results>
