<?xml version="1.0" encoding="UTF-8"?>
<testng-results ignored="0" total="1" passed="1" failed="0" skipped="0">
  <reporter-output>
  </reporter-output>
  <suite started-at="2025-11-05T12:11:14 IST" name="Default suite" finished-at="2025-11-05T12:11:21 IST" duration-ms="6184">
    <groups>
    </groups>
    <test started-at="2025-11-05T12:11:14 IST" name="Default test" finished-at="2025-11-05T12:11:21 IST" duration-ms="6184">
      <class name="testScript.LoginTest">
        <test-method is-config="true" signature="initializeBrowser()[pri:0, instance:testScript.LoginTest@459e9125]" started-at="2025-11-05T12:11:14 IST" name="initializeBrowser" finished-at="2025-11-05T12:11:18 IST" duration-ms="3728" status="PASS">
          <reporter-output>
          </reporter-output>
        </test-method> <!-- initializeBrowser -->
        <test-method signature="verifyUserLoginWithValidCredentials()[pri:0, instance:testScript.LoginTest@459e9125]" started-at="2025-11-05T12:11:18 IST" name="verifyUserLoginWithValidCredentials" finished-at="2025-11-05T12:11:20 IST" duration-ms="2353" status="PASS">
          <reporter-output>
          </reporter-output>
        </test-method> <!-- verifyUserLoginWithValidCredentials -->
        <test-method is-config="true" signature="driverCloseAndQuit()[pri:0, instance:testScript.LoginTest@459e9125]" started-at="2025-11-05T12:11:20 IST" name="driverCloseAndQuit" finished-at="2025-11-05T12:11:21 IST" duration-ms="22" status="PASS">
          <reporter-output>
          </reporter-output>
        </test-method> <!-- driverCloseAndQuit -->
      </class> <!-- testScript.LoginTest -->
    </test> <!-- Default test -->
  </suite> <!-- Default suite -->
</testng-results>
